# JRE version: Java(TM) SE Runtime Environment (7.0_67-b01) (build 1.7.0_67-b01)
# Java VM: Java HotSpot(TM) 64-Bit Server VM (24.65-b04 mixed mode windows-amd64 compressed oops)
Heap
 PSYoungGen      total 69632K, used 3813K [0x00000007d5c80000, 0x00000007dbe80000, 0x0000000800000000)
  eden space 64512K, 0% used [0x00000007d5c80000,0x00000007d5c80b20,0x00000007d9b80000)
  from space 5120K, 74% used [0x00000007d9d80000,0x00000007da1389c8,0x00000007da280000)
  to   space 17920K, 0% used [0x00000007dad00000,0x00000007dad00000,0x00000007dbe80000)
 ParOldGen       total 86016K, used 17035K [0x0000000781600000, 0x0000000786a00000, 0x00000007d5c80000)
  object space 86016K, 19% used [0x0000000781600000,0x00000007826a2eb8,0x0000000786a00000)
 PSPermGen       total 49152K, used 48973K [0x000000077c400000, 0x000000077f400000, 0x0000000781600000)
  object space 49152K, 99% used [0x000000077c400000,0x000000077f3d34e8,0x000000077f400000)
GC Heap History (10 events):
Event: 63.846 GC heap after
Heap after GC invocations=1 (full 0):
 PSYoungGen      total 38400K, used 2906K [0x00000007d5c80000, 0x00000007d8700000, 0x0000000800000000)
  eden space 33280K, 0% used [0x00000007d5c80000,0x00000007d5c80000,0x00000007d7d00000)
  from space 5120K, 56% used [0x00000007d7d00000,0x00000007d7fd6bb0,0x00000007d8200000)
  to   space 5120K, 0% used [0x00000007d8200000,0x00000007d8200000,0x00000007d8700000)
 ParOldGen       total 86016K, used 8K [0x0000000781600000, 0x0000000786a00000, 0x00000007d5c80000)
  object space 86016K, 0% used [0x0000000781600000,0x0000000781602000,0x0000000786a00000)
 PSPermGen       total 21504K, used 8794K [0x000000077c400000, 0x000000077d900000, 0x0000000781600000)
  object space 21504K, 40% used [0x000000077c400000,0x000000077cc96b20,0x000000077d900000)
}
Event: 64.472 GC heap before
{Heap before GC invocations=2 (full 0):
 PSYoungGen      total 38400K, used 36186K [0x00000007d5c80000, 0x00000007d8700000, 0x0000000800000000)
  eden space 33280K, 100% used [0x00000007d5c80000,0x00000007d7d00000,0x00000007d7d00000)
  from space 5120K, 56% used [0x00000007d7d00000,0x00000007d7fd6bb0,0x00000007d8200000)
  to   space 5120K, 0% used [0x00000007d8200000,0x00000007d8200000,0x00000007d8700000)
 ParOldGen       total 86016K, used 8K [0x0000000781600000, 0x0000000786a00000, 0x00000007d5c80000)
  object space 86016K, 0% used [0x0000000781600000,0x0000000781602000,0x0000000786a00000)
 PSPermGen       total 21504K, used 15946K [0x000000077c400000, 0x000000077d900000, 0x0000000781600000)
  object space 21504K, 74% used [0x000000077c400000,0x000000077d392b10,0x000000077d900000)
Event: 64.481 GC heap after
Heap after GC invocations=2 (full 0):
 PSYoungGen      total 38400K, used 5110K [0x00000007d5c80000, 0x00000007d8700000, 0x0000000800000000)
  eden space 33280K, 0% used [0x00000007d5c80000,0x00000007d5c80000,0x00000007d7d00000)
  from space 5120K, 99% used [0x00000007d8200000,0x00000007d86fd8b0,0x00000007d8700000)
  to   space 5120K, 0% used [0x00000007d7d00000,0x00000007d7d00000,0x00000007d8200000)
 ParOldGen       total 86016K, used 1743K [0x0000000781600000, 0x0000000786a00000, 0x00000007d5c80000)
  object space 86016K, 2% used [0x0000000781600000,0x00000007817b3cd8,0x0000000786a00000)
 PSPermGen       total 21504K, used 15946K [0x000000077c400000, 0x000000077d900000, 0x0000000781600000)
  object space 21504K, 74% used [0x000000077c400000,0x000000077d392b10,0x000000077d900000)
}
Event: 64.895 GC heap before
{Heap before GC invocations=3 (full 0):
 PSYoungGen      total 38400K, used 38390K [0x00000007d5c80000, 0x00000007d8700000, 0x0000000800000000)
  eden space 33280K, 100% used [0x00000007d5c80000,0x00000007d7d00000,0x00000007d7d00000)
  from space 5120K, 99% used [0x00000007d8200000,0x00000007d86fd8b0,0x00000007d8700000)
  to   space 5120K, 0% used [0x00000007d7d00000,0x00000007d7d00000,0x00000007d8200000)
 ParOldGen       total 86016K, used 1743K [0x0000000781600000, 0x0000000786a00000, 0x00000007d5c80000)
  object space 86016K, 2% used [0x0000000781600000,0x00000007817b3cd8,0x0000000786a00000)
 PSPermGen       total 21504K, used 21140K [0x000000077c400000, 0x000000077d900000, 0x0000000781600000)
  object space 21504K, 98% used [0x000000077c400000,0x000000077d8a5300,0x000000077d900000)
Event: 64.907 GC heap after
Heap after GC invocations=3 (full 0):
 PSYoungGen      total 38400K, used 5093K [0x00000007d5c80000, 0x00000007da780000, 0x0000000800000000)
  eden space 33280K, 0% used [0x00000007d5c80000,0x00000007d5c80000,0x00000007d7d00000)
  from space 5120K, 99% used [0x00000007d7d00000,0x00000007d81f94b0,0x00000007d8200000)
  to   space 5120K, 0% used [0x00000007da280000,0x00000007da280000,0x00000007da780000)
 ParOldGen       total 86016K, used 4647K [0x0000000781600000, 0x0000000786a00000, 0x00000007d5c80000)
  object space 86016K, 5% used [0x0000000781600000,0x0000000781a89df0,0x0000000786a00000)
 PSPermGen       total 21504K, used 21140K [0x000000077c400000, 0x000000077d900000, 0x0000000781600000)
  object space 21504K, 98% used [0x000000077c400000,0x000000077d8a5300,0x000000077d900000)
}
Event: 94.102 GC heap before
{Heap before GC invocations=4 (full 0):
 PSYoungGen      total 38400K, used 38373K [0x00000007d5c80000, 0x00000007da780000, 0x0000000800000000)
  eden space 33280K, 100% used [0x00000007d5c80000,0x00000007d7d00000,0x00000007d7d00000)
  from space 5120K, 99% used [0x00000007d7d00000,0x00000007d81f94b0,0x00000007d8200000)
  to   space 5120K, 0% used [0x00000007da280000,0x00000007da280000,0x00000007da780000)
 ParOldGen       total 86016K, used 4647K [0x0000000781600000, 0x0000000786a00000, 0x00000007d5c80000)
  object space 86016K, 5% used [0x0000000781600000,0x0000000781a89df0,0x0000000786a00000)
 PSPermGen       total 34816K, used 34314K [0x000000077c400000, 0x000000077e600000, 0x0000000781600000)
  object space 34816K, 98% used [0x000000077c400000,0x000000077e582a40,0x000000077e600000)
Event: 94.123 GC heap after
Heap after GC invocations=4 (full 0):
 PSYoungGen      total 71680K, used 5100K [0x00000007d5c80000, 0x00000007da780000, 0x0000000800000000)
  eden space 66560K, 0% used [0x00000007d5c80000,0x00000007d5c80000,0x00000007d9d80000)
  from space 5120K, 99% used [0x00000007da280000,0x00000007da77b320,0x00000007da780000)
  to   space 5120K, 0% used [0x00000007d9d80000,0x00000007d9d80000,0x00000007da280000)
 ParOldGen       total 86016K, used 17027K [0x0000000781600000, 0x0000000786a00000, 0x00000007d5c80000)
  object space 86016K, 19% used [0x0000000781600000,0x00000007826a0eb8,0x0000000786a00000)
 PSPermGen       total 34816K, used 34314K [0x000000077c400000, 0x000000077e600000, 0x0000000781600000)
  object space 34816K, 98% used [0x000000077c400000,0x000000077e582a40,0x000000077e600000)
}
Event: 108.843 GC heap before
{Heap before GC invocations=5 (full 0):
 PSYoungGen      total 71680K, used 23180K [0x00000007d5c80000, 0x00000007da780000, 0x0000000800000000)
  eden space 66560K, 27% used [0x00000007d5c80000,0x00000007d6e27e30,0x00000007d9d80000)
  from space 5120K, 99% used [0x00000007da280000,0x00000007da77b320,0x00000007da780000)
  to   space 5120K, 0% used [0x00000007d9d80000,0x00000007d9d80000,0x00000007da280000)
 ParOldGen       total 86016K, used 17027K [0x0000000781600000, 0x0000000786a00000, 0x00000007d5c80000)
  object space 86016K, 19% used [0x0000000781600000,0x00000007826a0eb8,0x0000000786a00000)
 PSPermGen       total 49152K, used 48973K [0x000000077c400000, 0x000000077f400000, 0x0000000781600000)
  object space 49152K, 99% used [0x000000077c400000,0x000000077f3d34e8,0x000000077f400000)
Event: 108.858 GC heap after
Heap after GC invocations=5 (full 0):
 PSYoungGen      total 69632K, used 3810K [0x00000007d5c80000, 0x00000007dbe80000, 0x0000000800000000)
  eden space 64512K, 0% used [0x00000007d5c80000,0x00000007d5c80000,0x00000007d9b80000)
  from space 5120K, 74% used [0x00000007d9d80000,0x00000007da1389c8,0x00000007da280000)
  to   space 17920K, 0% used [0x00000007dad00000,0x00000007dad00000,0x00000007dbe80000)
 ParOldGen       total 86016K, used 17035K [0x0000000781600000, 0x0000000786a00000, 0x00000007d5c80000)
  object space 86016K, 19% used [0x0000000781600000,0x00000007826a2eb8,0x0000000786a00000)
 PSPermGen       total 49152K, used 48973K [0x000000077c400000, 0x000000077f400000, 0x0000000781600000)
  object space 49152K, 99% used [0x000000077c400000,0x000000077f3d34e8,0x000000077f400000)
}
Event: 108.858 GC heap before
{Heap before GC invocations=6 (full 1):
 PSYoungGen      total 69632K, used 3810K [0x00000007d5c80000, 0x00000007dbe80000, 0x0000000800000000)
  eden space 64512K, 0% used [0x00000007d5c80000,0x00000007d5c80000,0x00000007d9b80000)
  from space 5120K, 74% used [0x00000007d9d80000,0x00000007da1389c8,0x00000007da280000)
  to   space 17920K, 0% used [0x00000007dad00000,0x00000007dad00000,0x00000007dbe80000)
 ParOldGen       total 86016K, used 17035K [0x0000000781600000, 0x0000000786a00000, 0x00000007d5c80000)
  object space 86016K, 19% used [0x0000000781600000,0x00000007826a2eb8,0x0000000786a00000)
 PSPermGen       total 49152K, used 48973K [0x000000077c400000, 0x000000077f400000, 0x0000000781600000)
  object space 49152K, 99% used [0x000000077c400000,0x000000077f3d34e8,0x000000077f400000)

